<?xml version="1.0" encoding="UTF-8"?>
<testng-results skipped="1" failed="0" ignored="0" total="7" passed="6">
  <reporter-output>
    <line>
      <![CDATA[Before Method - Open setUp]]>
    </line>
    <line>
      <![CDATA[Before Method - Close setUp]]>
    </line>
    <line>
      <![CDATA[Test - Open verifyHomePageTitleTest]]>
    </line>
    <line>
      <![CDATA[Test - Close verifyHomePageTitleTest]]>
    </line>
    <line>
      <![CDATA[After Method - Open closedDriver]]>
    </line>
    <line>
      <![CDATA[After Method - Close closeDriver]]>
    </line>
    <line>
      <![CDATA[Before Method - Open setUp]]>
    </line>
    <line>
      <![CDATA[Before Method - Close setUp]]>
    </line>
    <line>
      <![CDATA[Test - Open verifyLoggedInUserMobileNumber]]>
    </line>
    <line>
      <![CDATA[test - Close verifyLoggedInUserMobileNumber]]>
    </line>
    <line>
      <![CDATA[After Method - Open closedDriver]]>
    </line>
    <line>
      <![CDATA[After Method - Close closeDriver]]>
    </line>
    <line>
      <![CDATA[Before Method - Open setUp]]>
    </line>
    <line>
      <![CDATA[Before Method - Close setUp]]>
    </line>
    <line>
      <![CDATA[Test - Open searchItemUsingSearchBoxTest]]>
    </line>
    <line>
      <![CDATA[Test - Close searchItemUsingSearchBoxTest]]>
    </line>
    <line>
      <![CDATA[After Method - Open closedDriver]]>
    </line>
    <line>
      <![CDATA[After Method - Close closeDriver]]>
    </line>
    <line>
      <![CDATA[Before Method - Open setUp]]>
    </line>
    <line>
      <![CDATA[Before Method - Close setUp]]>
    </line>
    <line>
      <![CDATA[Test - Open fliterItemsTest]]>
    </line>
    <line>
      <![CDATA[Test - Close fliterItemsTest]]>
    </line>
    <line>
      <![CDATA[After Method - Open closedDriver]]>
    </line>
    <line>
      <![CDATA[After Method - Close closeDriver]]>
    </line>
    <line>
      <![CDATA[Before Method - Open setUp]]>
    </line>
    <line>
      <![CDATA[Before Method - Close setUp]]>
    </line>
    <line>
      <![CDATA[Test - Open addItemsToWatchlistTest]]>
    </line>
    <line>
      <![CDATA[Test - Close addItemsToWatchlistTest]]>
    </line>
    <line>
      <![CDATA[After Method - Open closedDriver]]>
    </line>
    <line>
      <![CDATA[After Method - Close closeDriver]]>
    </line>
    <line>
      <![CDATA[Before Method - Open setUp]]>
    </line>
    <line>
      <![CDATA[Before Method - Close setUp]]>
    </line>
    <line>
      <![CDATA[Test - Open removeItemFromWatchlistTest]]>
    </line>
    <line>
      <![CDATA[Test - Close removeItemFromWatchlistTest]]>
    </line>
    <line>
      <![CDATA[After Method - Open closedDriver]]>
    </line>
    <line>
      <![CDATA[After Method - Close closeDriver]]>
    </line>
    <line>
      <![CDATA[Before Method - Open setUp]]>
    </line>
  </reporter-output>
  <suite name="Myntra Suite" duration-ms="538386" started-at="2021-06-21T16:25:55 IST" finished-at="2021-06-21T16:34:53 IST">
    <groups>
    </groups>
    <test name="MyntraTest" duration-ms="538386" started-at="2021-06-21T16:25:55 IST" finished-at="2021-06-21T16:34:53 IST">
      <class name="com.myntra.qa.testcases.HomePageTest">
        <test-method status="PASS" signature="setUp()[pri:0, instance:com.myntra.qa.testcases.HomePageTest@64f6106c]" name="setUp" is-config="true" duration-ms="47250" started-at="2021-06-21T16:25:55 IST" finished-at="2021-06-21T16:26:42 IST">
          <reporter-output>
            <line>
              <![CDATA[Before Method - Open setUp]]>
            </line>
            <line>
              <![CDATA[Before Method - Close setUp]]>
            </line>
          </reporter-output>
        </test-method> <!-- setUp -->
        <test-method status="PASS" signature="verifyHomePageTitleTest()[pri:1, instance:com.myntra.qa.testcases.HomePageTest@64f6106c]" name="verifyHomePageTitleTest" duration-ms="687" started-at="2021-06-21T16:26:42 IST" finished-at="2021-06-21T16:26:43 IST">
          <reporter-output>
            <line>
              <![CDATA[Test - Open verifyHomePageTitleTest]]>
            </line>
            <line>
              <![CDATA[Test - Close verifyHomePageTitleTest]]>
            </line>
          </reporter-output>
        </test-method> <!-- verifyHomePageTitleTest -->
        <test-method status="PASS" signature="closeDriver()[pri:0, instance:com.myntra.qa.testcases.HomePageTest@64f6106c]" name="closeDriver" is-config="true" duration-ms="2313" started-at="2021-06-21T16:26:43 IST" finished-at="2021-06-21T16:26:45 IST">
          <reporter-output>
            <line>
              <![CDATA[After Method - Open closedDriver]]>
            </line>
            <line>
              <![CDATA[After Method - Close closeDriver]]>
            </line>
          </reporter-output>
        </test-method> <!-- closeDriver -->
        <test-method status="PASS" signature="setUp()[pri:0, instance:com.myntra.qa.testcases.HomePageTest@64f6106c]" name="setUp" is-config="true" duration-ms="45740" started-at="2021-06-21T16:26:45 IST" finished-at="2021-06-21T16:27:31 IST">
          <reporter-output>
            <line>
              <![CDATA[Before Method - Open setUp]]>
            </line>
            <line>
              <![CDATA[Before Method - Close setUp]]>
            </line>
          </reporter-output>
        </test-method> <!-- setUp -->
        <test-method status="PASS" signature="verifyLoggedInUserMobileNumber()[pri:2, instance:com.myntra.qa.testcases.HomePageTest@64f6106c]" name="verifyLoggedInUserMobileNumber" duration-ms="26297" started-at="2021-06-21T16:27:31 IST" finished-at="2021-06-21T16:27:58 IST">
          <reporter-output>
            <line>
              <![CDATA[Test - Open verifyLoggedInUserMobileNumber]]>
            </line>
            <line>
              <![CDATA[test - Close verifyLoggedInUserMobileNumber]]>
            </line>
          </reporter-output>
        </test-method> <!-- verifyLoggedInUserMobileNumber -->
        <test-method status="PASS" signature="closeDriver()[pri:0, instance:com.myntra.qa.testcases.HomePageTest@64f6106c]" name="closeDriver" is-config="true" duration-ms="1783" started-at="2021-06-21T16:27:58 IST" finished-at="2021-06-21T16:27:59 IST">
          <reporter-output>
            <line>
              <![CDATA[After Method - Open closedDriver]]>
            </line>
            <line>
              <![CDATA[After Method - Close closeDriver]]>
            </line>
          </reporter-output>
        </test-method> <!-- closeDriver -->
        <test-method status="PASS" signature="setUp()[pri:0, instance:com.myntra.qa.testcases.HomePageTest@64f6106c]" name="setUp" is-config="true" duration-ms="41356" started-at="2021-06-21T16:27:59 IST" finished-at="2021-06-21T16:28:41 IST">
          <reporter-output>
            <line>
              <![CDATA[Before Method - Open setUp]]>
            </line>
            <line>
              <![CDATA[Before Method - Close setUp]]>
            </line>
          </reporter-output>
        </test-method> <!-- setUp -->
        <test-method status="PASS" signature="searchItemUsingSearchBoxTest()[pri:3, instance:com.myntra.qa.testcases.HomePageTest@64f6106c]" name="searchItemUsingSearchBoxTest" duration-ms="41099" started-at="2021-06-21T16:28:41 IST" finished-at="2021-06-21T16:29:22 IST">
          <reporter-output>
            <line>
              <![CDATA[Test - Open searchItemUsingSearchBoxTest]]>
            </line>
            <line>
              <![CDATA[Test - Close searchItemUsingSearchBoxTest]]>
            </line>
          </reporter-output>
        </test-method> <!-- searchItemUsingSearchBoxTest -->
        <test-method status="PASS" signature="closeDriver()[pri:0, instance:com.myntra.qa.testcases.HomePageTest@64f6106c]" name="closeDriver" is-config="true" duration-ms="1609" started-at="2021-06-21T16:29:22 IST" finished-at="2021-06-21T16:29:23 IST">
          <reporter-output>
            <line>
              <![CDATA[After Method - Open closedDriver]]>
            </line>
            <line>
              <![CDATA[After Method - Close closeDriver]]>
            </line>
          </reporter-output>
        </test-method> <!-- closeDriver -->
        <test-method status="PASS" signature="setUp()[pri:0, instance:com.myntra.qa.testcases.HomePageTest@64f6106c]" name="setUp" is-config="true" duration-ms="43428" started-at="2021-06-21T16:29:23 IST" finished-at="2021-06-21T16:30:07 IST">
          <reporter-output>
            <line>
              <![CDATA[Before Method - Open setUp]]>
            </line>
            <line>
              <![CDATA[Before Method - Close setUp]]>
            </line>
          </reporter-output>
        </test-method> <!-- setUp -->
        <test-method status="PASS" signature="fliterItemsTest()[pri:4, instance:com.myntra.qa.testcases.HomePageTest@64f6106c]" name="fliterItemsTest" duration-ms="62380" started-at="2021-06-21T16:30:07 IST" finished-at="2021-06-21T16:31:09 IST">
          <reporter-output>
            <line>
              <![CDATA[Test - Open fliterItemsTest]]>
            </line>
            <line>
              <![CDATA[Test - Close fliterItemsTest]]>
            </line>
          </reporter-output>
        </test-method> <!-- fliterItemsTest -->
        <test-method status="PASS" signature="closeDriver()[pri:0, instance:com.myntra.qa.testcases.HomePageTest@64f6106c]" name="closeDriver" is-config="true" duration-ms="2353" started-at="2021-06-21T16:31:09 IST" finished-at="2021-06-21T16:31:12 IST">
          <reporter-output>
            <line>
              <![CDATA[After Method - Open closedDriver]]>
            </line>
            <line>
              <![CDATA[After Method - Close closeDriver]]>
            </line>
          </reporter-output>
        </test-method> <!-- closeDriver -->
        <test-method status="PASS" signature="setUp()[pri:0, instance:com.myntra.qa.testcases.HomePageTest@64f6106c]" name="setUp" is-config="true" duration-ms="41275" started-at="2021-06-21T16:31:12 IST" finished-at="2021-06-21T16:31:53 IST">
          <reporter-output>
            <line>
              <![CDATA[Before Method - Open setUp]]>
            </line>
            <line>
              <![CDATA[Before Method - Close setUp]]>
            </line>
          </reporter-output>
        </test-method> <!-- setUp -->
        <test-method status="PASS" signature="addItemsToWatchlistTest()[pri:5, instance:com.myntra.qa.testcases.HomePageTest@64f6106c]" name="addItemsToWatchlistTest" duration-ms="58746" started-at="2021-06-21T16:31:53 IST" finished-at="2021-06-21T16:32:52 IST">
          <reporter-output>
            <line>
              <![CDATA[Test - Open addItemsToWatchlistTest]]>
            </line>
            <line>
              <![CDATA[Test - Close addItemsToWatchlistTest]]>
            </line>
          </reporter-output>
        </test-method> <!-- addItemsToWatchlistTest -->
        <test-method status="PASS" signature="closeDriver()[pri:0, instance:com.myntra.qa.testcases.HomePageTest@64f6106c]" name="closeDriver" is-config="true" duration-ms="2891" started-at="2021-06-21T16:32:52 IST" finished-at="2021-06-21T16:32:54 IST">
          <reporter-output>
            <line>
              <![CDATA[After Method - Open closedDriver]]>
            </line>
            <line>
              <![CDATA[After Method - Close closeDriver]]>
            </line>
          </reporter-output>
        </test-method> <!-- closeDriver -->
        <test-method status="PASS" signature="setUp()[pri:0, instance:com.myntra.qa.testcases.HomePageTest@64f6106c]" name="setUp" is-config="true" duration-ms="33872" started-at="2021-06-21T16:32:54 IST" finished-at="2021-06-21T16:33:28 IST">
          <reporter-output>
            <line>
              <![CDATA[Before Method - Open setUp]]>
            </line>
            <line>
              <![CDATA[Before Method - Close setUp]]>
            </line>
          </reporter-output>
        </test-method> <!-- setUp -->
        <test-method status="PASS" signature="removeItemFromWatchlistTest()[pri:6, instance:com.myntra.qa.testcases.HomePageTest@64f6106c]" name="removeItemFromWatchlistTest" duration-ms="28070" started-at="2021-06-21T16:33:28 IST" finished-at="2021-06-21T16:33:56 IST">
          <reporter-output>
            <line>
              <![CDATA[Test - Open removeItemFromWatchlistTest]]>
            </line>
            <line>
              <![CDATA[Test - Close removeItemFromWatchlistTest]]>
            </line>
          </reporter-output>
        </test-method> <!-- removeItemFromWatchlistTest -->
        <test-method status="PASS" signature="closeDriver()[pri:0, instance:com.myntra.qa.testcases.HomePageTest@64f6106c]" name="closeDriver" is-config="true" duration-ms="3403" started-at="2021-06-21T16:33:56 IST" finished-at="2021-06-21T16:34:00 IST">
          <reporter-output>
            <line>
              <![CDATA[After Method - Open closedDriver]]>
            </line>
            <line>
              <![CDATA[After Method - Close closeDriver]]>
            </line>
          </reporter-output>
        </test-method> <!-- closeDriver -->
        <test-method status="FAIL" signature="setUp()[pri:0, instance:com.myntra.qa.testcases.HomePageTest@64f6106c]" name="setUp" is-config="true" duration-ms="53389" started-at="2021-06-21T16:34:00 IST" finished-at="2021-06-21T16:34:53 IST">
          <exception class="org.openqa.selenium.NoSuchElementException">
            <message>
              <![CDATA[no such element: Unable to locate element: {"method":"xpath","selector":"//div[@id="reactPageContent"]/div/div[3]/span"}
  (Session info: chrome=91.0.4472.106)
For documentation on this error, please visit: https://www.seleniumhq.org/exceptions/no_such_element.html
Build info: version: '3.141.59', revision: 'e82be7d358', time: '2018-11-14T08:17:03'
System info: host: 'THALA-PC', ip: '192.168.0.107', os.name: 'Windows 7', os.arch: 'amd64', os.version: '6.1', java.version: '1.8.0_162'
Driver info: org.openqa.selenium.chrome.ChromeDriver
Capabilities {acceptInsecureCerts: false, browserName: chrome, browserVersion: 91.0.4472.106, chrome: {chromedriverVersion: 91.0.4472.101 (af52a90bf870..., userDataDir: C:\Users\THALA\AppData\Loca...}, goog:chromeOptions: {debuggerAddress: localhost:56689}, javascriptEnabled: true, networkConnectionEnabled: false, pageLoadStrategy: normal, platform: WINDOWS, platformName: WINDOWS, proxy: Proxy(), setWindowRect: true, strictFileInteractability: false, timeouts: {implicit: 0, pageLoad: 300000, script: 30000}, unhandledPromptBehavior: dismiss and notify, webauthn:extension:largeBlob: true, webauthn:virtualAuthenticators: true}
Session ID: 04bd8124aa858d3d57a091eb9c1203be
*** Element info: {Using=xpath, value=//div[@id="reactPageContent"]/div/div[3]/span}]]>
            </message>
            <full-stacktrace>
              <![CDATA[org.openqa.selenium.NoSuchElementException: no such element: Unable to locate element: {"method":"xpath","selector":"//div[@id="reactPageContent"]/div/div[3]/span"}
  (Session info: chrome=91.0.4472.106)
For documentation on this error, please visit: https://www.seleniumhq.org/exceptions/no_such_element.html
Build info: version: '3.141.59', revision: 'e82be7d358', time: '2018-11-14T08:17:03'
System info: host: 'THALA-PC', ip: '192.168.0.107', os.name: 'Windows 7', os.arch: 'amd64', os.version: '6.1', java.version: '1.8.0_162'
Driver info: org.openqa.selenium.chrome.ChromeDriver
Capabilities {acceptInsecureCerts: false, browserName: chrome, browserVersion: 91.0.4472.106, chrome: {chromedriverVersion: 91.0.4472.101 (af52a90bf870..., userDataDir: C:\Users\THALA\AppData\Loca...}, goog:chromeOptions: {debuggerAddress: localhost:56689}, javascriptEnabled: true, networkConnectionEnabled: false, pageLoadStrategy: normal, platform: WINDOWS, platformName: WINDOWS, proxy: Proxy(), setWindowRect: true, strictFileInteractability: false, timeouts: {implicit: 0, pageLoad: 300000, script: 30000}, unhandledPromptBehavior: dismiss and notify, webauthn:extension:largeBlob: true, webauthn:virtualAuthenticators: true}
Session ID: 04bd8124aa858d3d57a091eb9c1203be
*** Element info: {Using=xpath, value=//div[@id="reactPageContent"]/div/div[3]/span}
at sun.reflect.NativeConstructorAccessorImpl.newInstance0(Native Method)
at sun.reflect.NativeConstructorAccessorImpl.newInstance(Unknown Source)
at sun.reflect.DelegatingConstructorAccessorImpl.newInstance(Unknown Source)
at java.lang.reflect.Constructor.newInstance(Unknown Source)
at org.openqa.selenium.remote.http.W3CHttpResponseCodec.createException(W3CHttpResponseCodec.java:187)
at org.openqa.selenium.remote.http.W3CHttpResponseCodec.decode(W3CHttpResponseCodec.java:122)
at org.openqa.selenium.remote.http.W3CHttpResponseCodec.decode(W3CHttpResponseCodec.java:49)
at org.openqa.selenium.remote.HttpCommandExecutor.execute(HttpCommandExecutor.java:158)
at org.openqa.selenium.remote.service.DriverCommandExecutor.execute(DriverCommandExecutor.java:83)
at org.openqa.selenium.remote.RemoteWebDriver.execute(RemoteWebDriver.java:552)
at org.openqa.selenium.remote.RemoteWebDriver.findElement(RemoteWebDriver.java:323)
at org.openqa.selenium.remote.RemoteWebDriver.findElementByXPath(RemoteWebDriver.java:428)
at org.openqa.selenium.By$ByXPath.findElement(By.java:353)
at org.openqa.selenium.remote.RemoteWebDriver.findElement(RemoteWebDriver.java:315)
at org.openqa.selenium.support.pagefactory.DefaultElementLocator.findElement(DefaultElementLocator.java:69)
at org.openqa.selenium.support.pagefactory.internal.LocatingElementHandler.invoke(LocatingElementHandler.java:38)
at com.sun.proxy.$Proxy9.click(Unknown Source)
at com.myntra.qa.pages.LoginPage.login(LoginPage.java:82)
at com.myntra.qa.testcases.HomePageTest.setUp(HomePageTest.java:31)
at sun.reflect.NativeMethodAccessorImpl.invoke0(Native Method)
at sun.reflect.NativeMethodAccessorImpl.invoke(Unknown Source)
at sun.reflect.DelegatingMethodAccessorImpl.invoke(Unknown Source)
at java.lang.reflect.Method.invoke(Unknown Source)
at org.testng.internal.MethodInvocationHelper.invokeMethod(MethodInvocationHelper.java:133)
at org.testng.internal.MethodInvocationHelper.invokeMethodConsideringTimeout(MethodInvocationHelper.java:62)
at org.testng.internal.ConfigInvoker.invokeConfigurationMethod(ConfigInvoker.java:385)
at org.testng.internal.ConfigInvoker.invokeConfigurations(ConfigInvoker.java:321)
at org.testng.internal.TestInvoker.runConfigMethods(TestInvoker.java:700)
at org.testng.internal.TestInvoker.invokeMethod(TestInvoker.java:527)
at org.testng.internal.TestInvoker.invokeTestMethod(TestInvoker.java:173)
at org.testng.internal.MethodRunner.runInSequence(MethodRunner.java:46)
at org.testng.internal.TestInvoker$MethodInvocationAgent.invoke(TestInvoker.java:824)
at org.testng.internal.TestInvoker.invokeTestMethods(TestInvoker.java:146)
at org.testng.internal.TestMethodWorker.invokeTestMethods(TestMethodWorker.java:146)
at org.testng.internal.TestMethodWorker.run(TestMethodWorker.java:128)
at java.util.ArrayList.forEach(Unknown Source)
at org.testng.TestRunner.privateRun(TestRunner.java:794)
at org.testng.TestRunner.run(TestRunner.java:596)
at org.testng.SuiteRunner.runTest(SuiteRunner.java:377)
at org.testng.SuiteRunner.runSequentially(SuiteRunner.java:371)
at org.testng.SuiteRunner.privateRun(SuiteRunner.java:332)
at org.testng.SuiteRunner.run(SuiteRunner.java:276)
at org.testng.SuiteRunnerWorker.runSuite(SuiteRunnerWorker.java:53)
at org.testng.SuiteRunnerWorker.run(SuiteRunnerWorker.java:96)
at org.testng.TestNG.runSuitesSequentially(TestNG.java:1212)
at org.testng.TestNG.runSuitesLocally(TestNG.java:1134)
at org.testng.TestNG.runSuites(TestNG.java:1063)
at org.testng.TestNG.run(TestNG.java:1031)
at org.testng.remote.AbstractRemoteTestNG.run(AbstractRemoteTestNG.java:115)
at org.testng.remote.RemoteTestNG.initAndRun(RemoteTestNG.java:251)
at org.testng.remote.RemoteTestNG.main(RemoteTestNG.java:77)
]]>
            </full-stacktrace>
          </exception> <!-- org.openqa.selenium.NoSuchElementException -->
          <reporter-output>
            <line>
              <![CDATA[Before Method - Open setUp]]>
            </line>
          </reporter-output>
        </test-method> <!-- setUp -->
        <test-method status="SKIP" signature="getListItemsUnderMensEvenCol()[pri:7, instance:com.myntra.qa.testcases.HomePageTest@64f6106c]" name="getListItemsUnderMensEvenCol" duration-ms="0" started-at="2021-06-21T16:34:53 IST" finished-at="2021-06-21T16:34:53 IST">
          <exception class="org.openqa.selenium.NoSuchElementException">
            <message>
              <![CDATA[no such element: Unable to locate element: {"method":"xpath","selector":"//div[@id="reactPageContent"]/div/div[3]/span"}
  (Session info: chrome=91.0.4472.106)
For documentation on this error, please visit: https://www.seleniumhq.org/exceptions/no_such_element.html
Build info: version: '3.141.59', revision: 'e82be7d358', time: '2018-11-14T08:17:03'
System info: host: 'THALA-PC', ip: '192.168.0.107', os.name: 'Windows 7', os.arch: 'amd64', os.version: '6.1', java.version: '1.8.0_162'
Driver info: org.openqa.selenium.chrome.ChromeDriver
Capabilities {acceptInsecureCerts: false, browserName: chrome, browserVersion: 91.0.4472.106, chrome: {chromedriverVersion: 91.0.4472.101 (af52a90bf870..., userDataDir: C:\Users\THALA\AppData\Loca...}, goog:chromeOptions: {debuggerAddress: localhost:56689}, javascriptEnabled: true, networkConnectionEnabled: false, pageLoadStrategy: normal, platform: WINDOWS, platformName: WINDOWS, proxy: Proxy(), setWindowRect: true, strictFileInteractability: false, timeouts: {implicit: 0, pageLoad: 300000, script: 30000}, unhandledPromptBehavior: dismiss and notify, webauthn:extension:largeBlob: true, webauthn:virtualAuthenticators: true}
Session ID: 04bd8124aa858d3d57a091eb9c1203be
*** Element info: {Using=xpath, value=//div[@id="reactPageContent"]/div/div[3]/span}]]>
            </message>
            <full-stacktrace>
              <![CDATA[org.openqa.selenium.NoSuchElementException: no such element: Unable to locate element: {"method":"xpath","selector":"//div[@id="reactPageContent"]/div/div[3]/span"}
  (Session info: chrome=91.0.4472.106)
For documentation on this error, please visit: https://www.seleniumhq.org/exceptions/no_such_element.html
Build info: version: '3.141.59', revision: 'e82be7d358', time: '2018-11-14T08:17:03'
System info: host: 'THALA-PC', ip: '192.168.0.107', os.name: 'Windows 7', os.arch: 'amd64', os.version: '6.1', java.version: '1.8.0_162'
Driver info: org.openqa.selenium.chrome.ChromeDriver
Capabilities {acceptInsecureCerts: false, browserName: chrome, browserVersion: 91.0.4472.106, chrome: {chromedriverVersion: 91.0.4472.101 (af52a90bf870..., userDataDir: C:\Users\THALA\AppData\Loca...}, goog:chromeOptions: {debuggerAddress: localhost:56689}, javascriptEnabled: true, networkConnectionEnabled: false, pageLoadStrategy: normal, platform: WINDOWS, platformName: WINDOWS, proxy: Proxy(), setWindowRect: true, strictFileInteractability: false, timeouts: {implicit: 0, pageLoad: 300000, script: 30000}, unhandledPromptBehavior: dismiss and notify, webauthn:extension:largeBlob: true, webauthn:virtualAuthenticators: true}
Session ID: 04bd8124aa858d3d57a091eb9c1203be
*** Element info: {Using=xpath, value=//div[@id="reactPageContent"]/div/div[3]/span}
at sun.reflect.NativeConstructorAccessorImpl.newInstance0(Native Method)
at sun.reflect.NativeConstructorAccessorImpl.newInstance(Unknown Source)
at sun.reflect.DelegatingConstructorAccessorImpl.newInstance(Unknown Source)
at java.lang.reflect.Constructor.newInstance(Unknown Source)
at org.openqa.selenium.remote.http.W3CHttpResponseCodec.createException(W3CHttpResponseCodec.java:187)
at org.openqa.selenium.remote.http.W3CHttpResponseCodec.decode(W3CHttpResponseCodec.java:122)
at org.openqa.selenium.remote.http.W3CHttpResponseCodec.decode(W3CHttpResponseCodec.java:49)
at org.openqa.selenium.remote.HttpCommandExecutor.execute(HttpCommandExecutor.java:158)
at org.openqa.selenium.remote.service.DriverCommandExecutor.execute(DriverCommandExecutor.java:83)
at org.openqa.selenium.remote.RemoteWebDriver.execute(RemoteWebDriver.java:552)
at org.openqa.selenium.remote.RemoteWebDriver.findElement(RemoteWebDriver.java:323)
at org.openqa.selenium.remote.RemoteWebDriver.findElementByXPath(RemoteWebDriver.java:428)
at org.openqa.selenium.By$ByXPath.findElement(By.java:353)
at org.openqa.selenium.remote.RemoteWebDriver.findElement(RemoteWebDriver.java:315)
at org.openqa.selenium.support.pagefactory.DefaultElementLocator.findElement(DefaultElementLocator.java:69)
at org.openqa.selenium.support.pagefactory.internal.LocatingElementHandler.invoke(LocatingElementHandler.java:38)
at com.sun.proxy.$Proxy9.click(Unknown Source)
at com.myntra.qa.pages.LoginPage.login(LoginPage.java:82)
at com.myntra.qa.testcases.HomePageTest.setUp(HomePageTest.java:31)
at sun.reflect.NativeMethodAccessorImpl.invoke0(Native Method)
at sun.reflect.NativeMethodAccessorImpl.invoke(Unknown Source)
at sun.reflect.DelegatingMethodAccessorImpl.invoke(Unknown Source)
at java.lang.reflect.Method.invoke(Unknown Source)
at org.testng.internal.MethodInvocationHelper.invokeMethod(MethodInvocationHelper.java:133)
at org.testng.internal.MethodInvocationHelper.invokeMethodConsideringTimeout(MethodInvocationHelper.java:62)
at org.testng.internal.ConfigInvoker.invokeConfigurationMethod(ConfigInvoker.java:385)
at org.testng.internal.ConfigInvoker.invokeConfigurations(ConfigInvoker.java:321)
at org.testng.internal.TestInvoker.runConfigMethods(TestInvoker.java:700)
at org.testng.internal.TestInvoker.invokeMethod(TestInvoker.java:527)
at org.testng.internal.TestInvoker.invokeTestMethod(TestInvoker.java:173)
at org.testng.internal.MethodRunner.runInSequence(MethodRunner.java:46)
at org.testng.internal.TestInvoker$MethodInvocationAgent.invoke(TestInvoker.java:824)
at org.testng.internal.TestInvoker.invokeTestMethods(TestInvoker.java:146)
at org.testng.internal.TestMethodWorker.invokeTestMethods(TestMethodWorker.java:146)
at org.testng.internal.TestMethodWorker.run(TestMethodWorker.java:128)
at java.util.ArrayList.forEach(Unknown Source)
at org.testng.TestRunner.privateRun(TestRunner.java:794)
at org.testng.TestRunner.run(TestRunner.java:596)
at org.testng.SuiteRunner.runTest(SuiteRunner.java:377)
at org.testng.SuiteRunner.runSequentially(SuiteRunner.java:371)
at org.testng.SuiteRunner.privateRun(SuiteRunner.java:332)
at org.testng.SuiteRunner.run(SuiteRunner.java:276)
at org.testng.SuiteRunnerWorker.runSuite(SuiteRunnerWorker.java:53)
at org.testng.SuiteRunnerWorker.run(SuiteRunnerWorker.java:96)
at org.testng.TestNG.runSuitesSequentially(TestNG.java:1212)
at org.testng.TestNG.runSuitesLocally(TestNG.java:1134)
at org.testng.TestNG.runSuites(TestNG.java:1063)
at org.testng.TestNG.run(TestNG.java:1031)
at org.testng.remote.AbstractRemoteTestNG.run(AbstractRemoteTestNG.java:115)
at org.testng.remote.RemoteTestNG.initAndRun(RemoteTestNG.java:251)
at org.testng.remote.RemoteTestNG.main(RemoteTestNG.java:77)
]]>
            </full-stacktrace>
          </exception> <!-- org.openqa.selenium.NoSuchElementException -->
          <reporter-output>
          </reporter-output>
        </test-method> <!-- getListItemsUnderMensEvenCol -->
        <test-method status="SKIP" signature="closeDriver()[pri:0, instance:com.myntra.qa.testcases.HomePageTest@64f6106c]" name="closeDriver" is-config="true" duration-ms="-1624273493798" started-at="2021-06-21T16:34:53 IST" finished-at="1970-01-01T05:30:00 IST">
          <reporter-output>
          </reporter-output>
        </test-method> <!-- closeDriver -->
      </class> <!-- com.myntra.qa.testcases.HomePageTest -->
    </test> <!-- MyntraTest -->
  </suite> <!-- Myntra Suite -->
</testng-results>
